<?xml version="1.0" encoding="UTF-8"?>
<testng-results ignored="0" total="2" passed="2" failed="0" skipped="0">
  <reporter-output>
  </reporter-output>
  <suite started-at="2026-06-15T10:32:11 CEST" name="API Suite" finished-at="2026-06-15T10:32:16 CEST" duration-ms="5456">
    <groups>
    </groups>
    <test started-at="2026-06-15T10:32:11 CEST" name="API Tests" finished-at="2026-06-15T10:32:16 CEST" duration-ms="5456">
      <class name="tests.OrderTest">
        <test-method is-config="true" signature="setup()[pri:0, instance:tests.OrderTest@5c6648b0]" started-at="2026-06-15T10:32:15 CEST" name="setup" finished-at="2026-06-15T10:32:15 CEST" duration-ms="1" status="PASS">
          <reporter-output>
          </reporter-output>
        </test-method> <!-- setup -->
        <test-method signature="createOrderTest()[pri:0, instance:tests.OrderTest@5c6648b0]" started-at="2026-06-15T10:32:15 CEST" name="createOrderTest" finished-at="2026-06-15T10:32:16 CEST" duration-ms="1680" status="PASS">
          <reporter-output>
          </reporter-output>
        </test-method> <!-- createOrderTest -->
      </class> <!-- tests.OrderTest -->
      <class name="tests.InventoryTest">
        <test-method is-config="true" signature="setup()[pri:0, instance:tests.InventoryTest@2a65fe7c]" started-at="2026-06-15T10:32:11 CEST" name="setup" finished-at="2026-06-15T10:32:12 CEST" duration-ms="572" status="PASS">
          <reporter-output>
          </reporter-output>
        </test-method> <!-- setup -->
        <test-method signature="getInventory()[pri:0, instance:tests.InventoryTest@2a65fe7c]" started-at="2026-06-15T10:32:12 CEST" name="getInventory" finished-at="2026-06-15T10:32:15 CEST" duration-ms="3123" status="PASS">
          <reporter-output>
          </reporter-output>
        </test-method> <!-- getInventory -->
      </class> <!-- tests.InventoryTest -->
    </test> <!-- API Tests -->
  </suite> <!-- API Suite -->
</testng-results>
